0 info it worked if it ends with ok
1 verbose cli [ '/usr/bin/nodejs', '/usr/bin/npm', 'start', 'now' ]
2 info using npm@3.3.12
3 info using node@v5.1.1
4 verbose run-script [ 'prestart', 'start', 'poststart' ]
5 info lifecycle proReact@1.0.0~prestart: proReact@1.0.0
6 silly lifecycle proReact@1.0.0~prestart: no script for prestart, continuing
7 info lifecycle proReact@1.0.0~start: proReact@1.0.0
8 verbose lifecycle proReact@1.0.0~start: unsafe-perm in lifecycle true
9 verbose lifecycle proReact@1.0.0~start: PATH: /usr/lib/node_modules/npm/bin/node-gyp-bin:/home/sean/proReact/node_modules/.bin:/usr/local/heroku/bin:/home/sean/.rvm/gems/ruby-2.2.2/bin:/home/sean/.rvm/gems/ruby-2.2.2@global/bin:/home/sean/.rvm/rubies/ruby-2.2.2/bin:/home/sean/bin:/usr/local/heroku/bin:/usr/local/sbin:/usr/local/bin:/usr/sbin:/usr/bin:/sbin:/bin:/usr/games:/usr/local/games:/home/sean/.rvm/bin:/home/sean/.rvm/bin:/home/sean/.rvm/bin
10 verbose lifecycle proReact@1.0.0~start: CWD: /home/sean/proReact
11 silly lifecycle proReact@1.0.0~start: Args: [ '-c', 'webpack-dev-sever --content-base build "now"' ]
12 info lifecycle proReact@1.0.0~start: Failed to exec start script
13 verbose stack Error: proReact@1.0.0 start: `webpack-dev-sever --content-base build "now"`
13 verbose stack spawn ENOENT
13 verbose stack     at ChildProcess.<anonymous> (/usr/lib/node_modules/npm/lib/utils/spawn.js:17:16)
13 verbose stack     at emitTwo (events.js:87:13)
13 verbose stack     at ChildProcess.emit (events.js:172:7)
13 verbose stack     at maybeClose (internal/child_process.js:818:16)
13 verbose stack     at Process.ChildProcess._handle.onexit (internal/child_process.js:211:5)
14 verbose pkgid proReact@1.0.0
15 verbose cwd /home/sean/proReact
16 error Linux 3.19.0-33-generic
17 error argv "/usr/bin/nodejs" "/usr/bin/npm" "start" "now"
18 error node v5.1.1
19 error npm  v3.3.12
20 error file sh
21 error code ELIFECYCLE
22 error errno ENOENT
23 error syscall spawn
24 error proReact@1.0.0 start: `webpack-dev-sever --content-base build "now"`
24 error spawn ENOENT
25 error Failed at the proReact@1.0.0 start script 'webpack-dev-sever --content-base build "now"'.
25 error Make sure you have the latest version of node.js and npm installed.
25 error If you do, this is most likely a problem with the proReact package,
25 error not with npm itself.
25 error Tell the author that this fails on your system:
25 error     webpack-dev-sever --content-base build "now"
25 error You can get their info via:
25 error     npm owner ls proReact
25 error There is likely additional logging output above.
26 verbose exit [ 1, true ]
